<?xml version="1.0" encoding="UTF-8"?>
<testng-results ignored="0" total="1" passed="1" failed="0" skipped="0">
  <reporter-output>
  </reporter-output>
  <suite started-at="2023-11-13T23:53:28Z" name="Default suite" finished-at="2023-11-13T23:53:47Z" duration-ms="18829">
    <groups>
    </groups>
    <test started-at="2023-11-13T23:53:28Z" name="Default test" finished-at="2023-11-13T23:53:47Z" duration-ms="18829">
      <class name="practicaSel.NewTest">
        <test-method signature="f()[pri:0, instance:practicaSel.NewTest@2421cc4]" started-at="2023-11-13T17:53:28Z" name="f" finished-at="2023-11-13T17:53:47Z" duration-ms="18808" status="PASS">
          <reporter-output>
          </reporter-output>
        </test-method> <!-- f -->
      </class> <!-- practicaSel.NewTest -->
    </test> <!-- Default test -->
  </suite> <!-- Default suite -->
</testng-results>
